{"/Users/yousifkashef/PyCharmMiscProject/news_analyzer3/frontend/src/App.tsx": {"path":"/Users/yousifkashef/PyCharmMiscProject/news_analyzer3/frontend/src/App.tsx","statementMap":{"0":{"start":{"line":16,"column":20},"end":{"line":23,"column":2}},"1":{"start":{"line":26,"column":64},"end":{"line":34,"column":1}},"2":{"start":{"line":27,"column":30},"end":{"line":27,"column":39}},"3":{"start":{"line":29,"column":2},"end":{"line":31,"column":3}},"4":{"start":{"line":30,"column":4},"end":{"line":30,"column":44}},"5":{"start":{"line":33,"column":2},"end":{"line":33,"column":25}},"6":{"start":{"line":37,"column":29},"end":{"line":64,"column":1}},"7":{"start":{"line":38,"column":30},"end":{"line":38,"column":39}},"8":{"start":{"line":40,"column":2},"end":{"line":63,"column":4}},"9":{"start":{"line":67,"column":22},"end":{"line":99,"column":1}},"10":{"start":{"line":68,"column":2},"end":{"line":98,"column":4}}},"fnMap":{"0":{"name":"(anonymous_0)","decl":{"start":{"line":26,"column":64},"end":{"line":26,"column":65}},"loc":{"start":{"line":26,"column":82},"end":{"line":34,"column":1}},"line":26},"1":{"name":"(anonymous_1)","decl":{"start":{"line":37,"column":29},"end":{"line":37,"column":30}},"loc":{"start":{"line":37,"column":35},"end":{"line":64,"column":1}},"line":37},"2":{"name":"(anonymous_2)","decl":{"start":{"line":67,"column":22},"end":{"line":67,"column":23}},"loc":{"start":{"line":67,"column":28},"end":{"line":99,"column":1}},"line":67}},"branchMap":{"0":{"loc":{"start":{"line":29,"column":2},"end":{"line":31,"column":3}},"type":"if","locations":[{"start":{"line":29,"column":2},"end":{"line":31,"column":3}},{"start":{},"end":{}}],"line":29},"1":{"loc":{"start":{"line":45,"column":19},"end":{"line":45,"column":76}},"type":"cond-expr","locations":[{"start":{"line":45,"column":37},"end":{"line":45,"column":64}},{"start":{"line":45,"column":67},"end":{"line":45,"column":76}}],"line":45}},"s":{"0":0,"1":0,"2":0,"3":0,"4":0,"5":0,"6":0,"7":0,"8":0,"9":0,"10":0},"f":{"0":0,"1":0,"2":0},"b":{"0":[0,0],"1":[0,0]}}
,"/Users/yousifkashef/PyCharmMiscProject/news_analyzer3/frontend/src/index.tsx": {"path":"/Users/yousifkashef/PyCharmMiscProject/news_analyzer3/frontend/src/index.tsx","statementMap":{"0":{"start":{"line":6,"column":13},"end":{"line":8,"column":1}},"1":{"start":{"line":10,"column":0},"end":{"line":14,"column":2}}},"fnMap":{},"branchMap":{},"s":{"0":0,"1":0},"f":{},"b":{}}
,"/Users/yousifkashef/PyCharmMiscProject/news_analyzer3/frontend/src/components/Layout.tsx": {"path":"/Users/yousifkashef/PyCharmMiscProject/news_analyzer3/frontend/src/components/Layout.tsx","statementMap":{"0":{"start":{"line":14,"column":25},"end":{"line":102,"column":1}},"1":{"start":{"line":15,"column":27},"end":{"line":15,"column":36}},"2":{"start":{"line":16,"column":19},"end":{"line":16,"column":32}},"3":{"start":{"line":17,"column":19},"end":{"line":17,"column":32}},"4":{"start":{"line":19,"column":21},"end":{"line":24,"column":3}},"5":{"start":{"line":26,"column":23},"end":{"line":33,"column":3}},"6":{"start":{"line":27,"column":4},"end":{"line":32,"column":5}},"7":{"start":{"line":28,"column":6},"end":{"line":28,"column":21}},"8":{"start":{"line":29,"column":6},"end":{"line":29,"column":25}},"9":{"start":{"line":31,"column":6},"end":{"line":31,"column":44}},"10":{"start":{"line":35,"column":2},"end":{"line":101,"column":4}},"11":{"start":{"line":51,"column":31},"end":{"line":51,"column":62}},"12":{"start":{"line":52,"column":14},"end":{"line":65,"column":16}},"13":{"start":{"line":55,"column":33},"end":{"line":55,"column":52}}},"fnMap":{"0":{"name":"(anonymous_0)","decl":{"start":{"line":14,"column":25},"end":{"line":14,"column":26}},"loc":{"start":{"line":14,"column":31},"end":{"line":102,"column":1}},"line":14},"1":{"name":"(anonymous_1)","decl":{"start":{"line":26,"column":23},"end":{"line":26,"column":24}},"loc":{"start":{"line":26,"column":35},"end":{"line":33,"column":3}},"line":26},"2":{"name":"(anonymous_2)","decl":{"start":{"line":50,"column":28},"end":{"line":50,"column":29}},"loc":{"start":{"line":50,"column":38},"end":{"line":66,"column":13}},"line":50},"3":{"name":"(anonymous_3)","decl":{"start":{"line":55,"column":27},"end":{"line":55,"column":28}},"loc":{"start":{"line":55,"column":33},"end":{"line":55,"column":52}},"line":55}},"branchMap":{"0":{"loc":{"start":{"line":57,"column":20},"end":{"line":59,"column":77}},"type":"cond-expr","locations":[{"start":{"line":58,"column":24},"end":{"line":58,"column":51}},{"start":{"line":59,"column":24},"end":{"line":59,"column":77}}],"line":57},"1":{"loc":{"start":{"line":77,"column":19},"end":{"line":77,"column":44}},"type":"binary-expr","locations":[{"start":{"line":77,"column":19},"end":{"line":77,"column":34}},{"start":{"line":77,"column":38},"end":{"line":77,"column":44}}],"line":77}},"s":{"0":1,"1":5,"2":5,"3":5,"4":5,"5":5,"6":0,"7":0,"8":0,"9":0,"10":5,"11":20,"12":20,"13":0},"f":{"0":5,"1":0,"2":20,"3":0},"b":{"0":[5,15],"1":[5,0]},"_coverageSchema":"1a1c01bbd47fc00a2c39e90264f33305004495a9","hash":"6feeb9d278ca844c4ae857be99d8aabe8083c202"}
,"/Users/yousifkashef/PyCharmMiscProject/news_analyzer3/frontend/src/contexts/AuthContext.tsx": {"path":"/Users/yousifkashef/PyCharmMiscProject/news_analyzer3/frontend/src/contexts/AuthContext.tsx","statementMap":{"0":{"start":{"line":14,"column":20},"end":{"line":14,"column":73}},"1":{"start":{"line":16,"column":23},"end":{"line":22,"column":1}},"2":{"start":{"line":17,"column":18},"end":{"line":17,"column":41}},"3":{"start":{"line":18,"column":2},"end":{"line":20,"column":3}},"4":{"start":{"line":19,"column":4},"end":{"line":19,"column":67}},"5":{"start":{"line":21,"column":2},"end":{"line":21,"column":17}},"6":{"start":{"line":28,"column":57},"end":{"line":100,"column":1}},"7":{"start":{"line":29,"column":48},"end":{"line":29,"column":63}},"8":{"start":{"line":30,"column":26},"end":{"line":30,"column":53}},"9":{"start":{"line":31,"column":28},"end":{"line":31,"column":57}},"10":{"start":{"line":32,"column":32},"end":{"line":32,"column":46}},"11":{"start":{"line":34,"column":2},"end":{"line":54,"column":9}},"12":{"start":{"line":35,"column":27},"end":{"line":51,"column":5}},"13":{"start":{"line":36,"column":26},"end":{"line":36,"column":55}},"14":{"start":{"line":38,"column":6},"end":{"line":48,"column":7}},"15":{"start":{"line":39,"column":8},"end":{"line":47,"column":9}},"16":{"start":{"line":40,"column":10},"end":{"line":40,"column":32}},"17":{"start":{"line":41,"column":27},"end":{"line":41,"column":57}},"18":{"start":{"line":42,"column":10},"end":{"line":42,"column":28}},"19":{"start":{"line":43,"column":10},"end":{"line":43,"column":35}},"20":{"start":{"line":45,"column":10},"end":{"line":45,"column":60}},"21":{"start":{"line":46,"column":10},"end":{"line":46,"column":43}},"22":{"start":{"line":50,"column":6},"end":{"line":50,"column":24}},"23":{"start":{"line":53,"column":4},"end":{"line":53,"column":21}},"24":{"start":{"line":56,"column":16},"end":{"line":71,"column":3}},"25":{"start":{"line":57,"column":4},"end":{"line":70,"column":5}},"26":{"start":{"line":58,"column":23},"end":{"line":58,"column":44}},"27":{"start":{"line":59,"column":31},"end":{"line":59,"column":39}},"28":{"start":{"line":61,"column":6},"end":{"line":61,"column":50}},"29":{"start":{"line":62,"column":6},"end":{"line":62,"column":29}},"30":{"start":{"line":64,"column":23},"end":{"line":64,"column":53}},"31":{"start":{"line":65,"column":6},"end":{"line":65,"column":24}},"32":{"start":{"line":66,"column":6},"end":{"line":66,"column":31}},"33":{"start":{"line":68,"column":6},"end":{"line":68,"column":44}},"34":{"start":{"line":69,"column":6},"end":{"line":69,"column":18}},"35":{"start":{"line":73,"column":17},"end":{"line":84,"column":3}},"36":{"start":{"line":74,"column":4},"end":{"line":83,"column":5}},"37":{"start":{"line":75,"column":6},"end":{"line":75,"column":29}},"38":{"start":{"line":77,"column":6},"end":{"line":77,"column":44}},"39":{"start":{"line":79,"column":6},"end":{"line":79,"column":39}},"40":{"start":{"line":80,"column":6},"end":{"line":80,"column":21}},"41":{"start":{"line":81,"column":6},"end":{"line":81,"column":20}},"42":{"start":{"line":82,"column":6},"end":{"line":82,"column":32}},"43":{"start":{"line":86,"column":33},"end":{"line":93,"column":3}},"44":{"start":{"line":95,"column":2},"end":{"line":99,"column":4}}},"fnMap":{"0":{"name":"(anonymous_0)","decl":{"start":{"line":16,"column":23},"end":{"line":16,"column":24}},"loc":{"start":{"line":16,"column":29},"end":{"line":22,"column":1}},"line":16},"1":{"name":"(anonymous_1)","decl":{"start":{"line":28,"column":57},"end":{"line":28,"column":58}},"loc":{"start":{"line":28,"column":75},"end":{"line":100,"column":1}},"line":28},"2":{"name":"(anonymous_2)","decl":{"start":{"line":34,"column":12},"end":{"line":34,"column":13}},"loc":{"start":{"line":34,"column":18},"end":{"line":54,"column":3}},"line":34},"3":{"name":"(anonymous_3)","decl":{"start":{"line":35,"column":27},"end":{"line":35,"column":28}},"loc":{"start":{"line":35,"column":39},"end":{"line":51,"column":5}},"line":35},"4":{"name":"(anonymous_4)","decl":{"start":{"line":56,"column":16},"end":{"line":56,"column":17}},"loc":{"start":{"line":56,"column":28},"end":{"line":71,"column":3}},"line":56},"5":{"name":"(anonymous_5)","decl":{"start":{"line":73,"column":17},"end":{"line":73,"column":18}},"loc":{"start":{"line":73,"column":29},"end":{"line":84,"column":3}},"line":73}},"branchMap":{"0":{"loc":{"start":{"line":18,"column":2},"end":{"line":20,"column":3}},"type":"if","locations":[{"start":{"line":18,"column":2},"end":{"line":20,"column":3}},{"start":{},"end":{}}],"line":18},"1":{"loc":{"start":{"line":38,"column":6},"end":{"line":48,"column":7}},"type":"if","locations":[{"start":{"line":38,"column":6},"end":{"line":48,"column":7}},{"start":{},"end":{}}],"line":38}},"s":{"0":0,"1":0,"2":0,"3":0,"4":0,"5":0,"6":0,"7":0,"8":0,"9":0,"10":0,"11":0,"12":0,"13":0,"14":0,"15":0,"16":0,"17":0,"18":0,"19":0,"20":0,"21":0,"22":0,"23":0,"24":0,"25":0,"26":0,"27":0,"28":0,"29":0,"30":0,"31":0,"32":0,"33":0,"34":0,"35":0,"36":0,"37":0,"38":0,"39":0,"40":0,"41":0,"42":0,"43":0,"44":0},"f":{"0":0,"1":0,"2":0,"3":0,"4":0,"5":0},"b":{"0":[0,0],"1":[0,0]}}
,"/Users/yousifkashef/PyCharmMiscProject/news_analyzer3/frontend/src/pages/Analysis.tsx": {"path":"/Users/yousifkashef/PyCharmMiscProject/news_analyzer3/frontend/src/pages/Analysis.tsx","statementMap":{"0":{"start":{"line":20,"column":27},"end":{"line":465,"column":1}},"1":{"start":{"line":21,"column":48},"end":{"line":21,"column":70}},"2":{"start":{"line":22,"column":66},"end":{"line":22,"column":95}},"3":{"start":{"line":23,"column":40},"end":{"line":23,"column":55}},"4":{"start":{"line":24,"column":19},"end":{"line":24,"column":32}},"5":{"start":{"line":25,"column":22},"end":{"line":25,"column":38}},"6":{"start":{"line":28,"column":59},"end":{"line":31,"column":3}},"7":{"start":{"line":34,"column":67},"end":{"line":37,"column":3}},"8":{"start":{"line":40,"column":34},"end":{"line":49,"column":3}},"9":{"start":{"line":43,"column":23},"end":{"line":43,"column":50}},"10":{"start":{"line":44,"column":6},"end":{"line":44,"column":54}},"11":{"start":{"line":52,"column":34},"end":{"line":59,"column":3}},"12":{"start":{"line":54,"column":10},"end":{"line":54,"column":69}},"13":{"start":{"line":62,"column":27},"end":{"line":76,"column":3}},"14":{"start":{"line":66,"column":8},"end":{"line":66,"column":49}},"15":{"start":{"line":67,"column":8},"end":{"line":67,"column":58}},"16":{"start":{"line":69,"column":8},"end":{"line":69,"column":48}},"17":{"start":{"line":72,"column":8},"end":{"line":72,"column":48}},"18":{"start":{"line":73,"column":8},"end":{"line":73,"column":83}},"19":{"start":{"line":78,"column":29},"end":{"line":84,"column":3}},"20":{"start":{"line":79,"column":4},"end":{"line":83,"column":6}},"21":{"start":{"line":80,"column":6},"end":{"line":82,"column":29}},"22":{"start":{"line":81,"column":28},"end":{"line":81,"column":43}},"23":{"start":{"line":86,"column":33},"end":{"line":90,"column":3}},"24":{"start":{"line":87,"column":4},"end":{"line":89,"column":5}},"25":{"start":{"line":88,"column":6},"end":{"line":88,"column":68}},"26":{"start":{"line":88,"column":54},"end":{"line":88,"column":65}},"27":{"start":{"line":92,"column":35},"end":{"line":94,"column":3}},"28":{"start":{"line":93,"column":4},"end":{"line":93,"column":27}},"29":{"start":{"line":96,"column":30},"end":{"line":129,"column":3}},"30":{"start":{"line":97,"column":4},"end":{"line":100,"column":5}},"31":{"start":{"line":98,"column":6},"end":{"line":98,"column":55}},"32":{"start":{"line":99,"column":6},"end":{"line":99,"column":13}},"33":{"start":{"line":102,"column":4},"end":{"line":105,"column":5}},"34":{"start":{"line":103,"column":6},"end":{"line":103,"column":55}},"35":{"start":{"line":104,"column":6},"end":{"line":104,"column":13}},"36":{"start":{"line":107,"column":41},"end":{"line":109,"column":5}},"37":{"start":{"line":108,"column":18},"end":{"line":108,"column":58}},"38":{"start":{"line":111,"column":4},"end":{"line":114,"column":5}},"39":{"start":{"line":112,"column":6},"end":{"line":112,"column":58}},"40":{"start":{"line":113,"column":6},"end":{"line":113,"column":13}},"41":{"start":{"line":116,"column":31},"end":{"line":118,"column":45}},"42":{"start":{"line":117,"column":24},"end":{"line":117,"column":66}},"43":{"start":{"line":118,"column":21},"end":{"line":118,"column":38}},"44":{"start":{"line":120,"column":4},"end":{"line":120,"column":25}},"45":{"start":{"line":121,"column":4},"end":{"line":128,"column":5}},"46":{"start":{"line":122,"column":6},"end":{"line":125,"column":9}},"47":{"start":{"line":127,"column":6},"end":{"line":127,"column":28}},"48":{"start":{"line":131,"column":27},"end":{"line":137,"column":3}},"49":{"start":{"line":132,"column":4},"end":{"line":136,"column":5}},"50":{"start":{"line":133,"column":6},"end":{"line":133,"column":55}},"51":{"start":{"line":135,"column":6},"end":{"line":135,"column":17}},"52":{"start":{"line":139,"column":2},"end":{"line":145,"column":3}},"53":{"start":{"line":140,"column":4},"end":{"line":144,"column":6}},"54":{"start":{"line":147,"column":2},"end":{"line":464,"column":4}},"55":{"start":{"line":170,"column":14},"end":{"line":185,"column":23}},"56":{"start":{"line":172,"column":31},"end":{"line":172,"column":71}},"57":{"start":{"line":192,"column":29},"end":{"line":192,"column":59}},"58":{"start":{"line":227,"column":14},"end":{"line":249,"column":23}},"59":{"start":{"line":229,"column":31},"end":{"line":229,"column":67}},"60":{"start":{"line":256,"column":29},"end":{"line":256,"column":49}},"61":{"start":{"line":280,"column":53},"end":{"line":280,"column":86}},"62":{"start":{"line":379,"column":18},"end":{"line":410,"column":24}},"63":{"start":{"line":419,"column":29},"end":{"line":419,"column":70}},"64":{"start":{"line":426,"column":29},"end":{"line":426,"column":97}},"65":{"start":{"line":439,"column":25},"end":{"line":439,"column":45}}},"fnMap":{"0":{"name":"(anonymous_0)","decl":{"start":{"line":20,"column":27},"end":{"line":20,"column":28}},"loc":{"start":{"line":20,"column":33},"end":{"line":465,"column":1}},"line":20},"1":{"name":"(anonymous_1)","decl":{"start":{"line":42,"column":4},"end":{"line":42,"column":5}},"loc":{"start":{"line":42,"column":16},"end":{"line":45,"column":5}},"line":42},"2":{"name":"(anonymous_2)","decl":{"start":{"line":54,"column":4},"end":{"line":54,"column":5}},"loc":{"start":{"line":54,"column":10},"end":{"line":54,"column":69}},"line":54},"3":{"name":"(anonymous_3)","decl":{"start":{"line":65,"column":17},"end":{"line":65,"column":18}},"loc":{"start":{"line":65,"column":27},"end":{"line":70,"column":7}},"line":65},"4":{"name":"(anonymous_4)","decl":{"start":{"line":71,"column":15},"end":{"line":71,"column":16}},"loc":{"start":{"line":71,"column":31},"end":{"line":74,"column":7}},"line":71},"5":{"name":"(anonymous_5)","decl":{"start":{"line":78,"column":29},"end":{"line":78,"column":30}},"loc":{"start":{"line":78,"column":51},"end":{"line":84,"column":3}},"line":78},"6":{"name":"(anonymous_6)","decl":{"start":{"line":79,"column":23},"end":{"line":79,"column":24}},"loc":{"start":{"line":80,"column":6},"end":{"line":82,"column":29}},"line":80},"7":{"name":"(anonymous_7)","decl":{"start":{"line":81,"column":22},"end":{"line":81,"column":23}},"loc":{"start":{"line":81,"column":28},"end":{"line":81,"column":43}},"line":81},"8":{"name":"(anonymous_8)","decl":{"start":{"line":86,"column":33},"end":{"line":86,"column":34}},"loc":{"start":{"line":86,"column":39},"end":{"line":90,"column":3}},"line":86},"9":{"name":"(anonymous_9)","decl":{"start":{"line":88,"column":49},"end":{"line":88,"column":50}},"loc":{"start":{"line":88,"column":54},"end":{"line":88,"column":65}},"line":88},"10":{"name":"(anonymous_10)","decl":{"start":{"line":92,"column":35},"end":{"line":92,"column":36}},"loc":{"start":{"line":92,"column":41},"end":{"line":94,"column":3}},"line":92},"11":{"name":"(anonymous_11)","decl":{"start":{"line":96,"column":30},"end":{"line":96,"column":31}},"loc":{"start":{"line":96,"column":42},"end":{"line":129,"column":3}},"line":96},"12":{"name":"(anonymous_12)","decl":{"start":{"line":108,"column":6},"end":{"line":108,"column":7}},"loc":{"start":{"line":108,"column":18},"end":{"line":108,"column":58}},"line":108},"13":{"name":"(anonymous_13)","decl":{"start":{"line":117,"column":14},"end":{"line":117,"column":15}},"loc":{"start":{"line":117,"column":24},"end":{"line":117,"column":66}},"line":117},"14":{"name":"(anonymous_14)","decl":{"start":{"line":118,"column":11},"end":{"line":118,"column":12}},"loc":{"start":{"line":118,"column":21},"end":{"line":118,"column":38}},"line":118},"15":{"name":"(anonymous_15)","decl":{"start":{"line":131,"column":27},"end":{"line":131,"column":28}},"loc":{"start":{"line":131,"column":44},"end":{"line":137,"column":3}},"line":131},"16":{"name":"(anonymous_16)","decl":{"start":{"line":169,"column":35},"end":{"line":169,"column":36}},"loc":{"start":{"line":170,"column":14},"end":{"line":185,"column":23}},"line":170},"17":{"name":"(anonymous_17)","decl":{"start":{"line":172,"column":25},"end":{"line":172,"column":26}},"loc":{"start":{"line":172,"column":31},"end":{"line":172,"column":71}},"line":172},"18":{"name":"(anonymous_18)","decl":{"start":{"line":192,"column":23},"end":{"line":192,"column":24}},"loc":{"start":{"line":192,"column":29},"end":{"line":192,"column":59}},"line":192},"19":{"name":"(anonymous_19)","decl":{"start":{"line":226,"column":37},"end":{"line":226,"column":38}},"loc":{"start":{"line":227,"column":14},"end":{"line":249,"column":23}},"line":227},"20":{"name":"(anonymous_20)","decl":{"start":{"line":229,"column":25},"end":{"line":229,"column":26}},"loc":{"start":{"line":229,"column":31},"end":{"line":229,"column":67}},"line":229},"21":{"name":"(anonymous_21)","decl":{"start":{"line":256,"column":23},"end":{"line":256,"column":24}},"loc":{"start":{"line":256,"column":29},"end":{"line":256,"column":49}},"line":256},"22":{"name":"(anonymous_22)","decl":{"start":{"line":280,"column":48},"end":{"line":280,"column":49}},"loc":{"start":{"line":280,"column":53},"end":{"line":280,"column":86}},"line":280},"23":{"name":"(anonymous_23)","decl":{"start":{"line":378,"column":56},"end":{"line":378,"column":57}},"loc":{"start":{"line":379,"column":18},"end":{"line":410,"column":24}},"line":379},"24":{"name":"(anonymous_24)","decl":{"start":{"line":419,"column":23},"end":{"line":419,"column":24}},"loc":{"start":{"line":419,"column":29},"end":{"line":419,"column":70}},"line":419},"25":{"name":"(anonymous_25)","decl":{"start":{"line":426,"column":23},"end":{"line":426,"column":24}},"loc":{"start":{"line":426,"column":29},"end":{"line":426,"column":97}},"line":426},"26":{"name":"(anonymous_26)","decl":{"start":{"line":439,"column":19},"end":{"line":439,"column":20}},"loc":{"start":{"line":439,"column":25},"end":{"line":439,"column":45}},"line":439}},"branchMap":{"0":{"loc":{"start":{"line":44,"column":13},"end":{"line":44,"column":53}},"type":"cond-expr","locations":[{"start":{"line":44,"column":35},"end":{"line":44,"column":46}},{"start":{"line":44,"column":49},"end":{"line":44,"column":53}}],"line":44},"1":{"loc":{"start":{"line":54,"column":10},"end":{"line":54,"column":69}},"type":"cond-expr","locations":[{"start":{"line":54,"column":26},"end":{"line":54,"column":62}},{"start":{"line":54,"column":65},"end":{"line":54,"column":69}}],"line":54},"2":{"loc":{"start":{"line":73,"column":20},"end":{"line":73,"column":81}},"type":"binary-expr","locations":[{"start":{"line":73,"column":20},"end":{"line":73,"column":48}},{"start":{"line":73,"column":52},"end":{"line":73,"column":81}}],"line":73},"3":{"loc":{"start":{"line":80,"column":6},"end":{"line":82,"column":29}},"type":"cond-expr","locations":[{"start":{"line":81,"column":10},"end":{"line":81,"column":44}},{"start":{"line":82,"column":10},"end":{"line":82,"column":29}}],"line":80},"4":{"loc":{"start":{"line":87,"column":4},"end":{"line":89,"column":5}},"type":"if","locations":[{"start":{"line":87,"column":4},"end":{"line":89,"column":5}},{"start":{},"end":{}}],"line":87},"5":{"loc":{"start":{"line":97,"column":4},"end":{"line":100,"column":5}},"type":"if","locations":[{"start":{"line":97,"column":4},"end":{"line":100,"column":5}},{"start":{},"end":{}}],"line":97},"6":{"loc":{"start":{"line":102,"column":4},"end":{"line":105,"column":5}},"type":"if","locations":[{"start":{"line":102,"column":4},"end":{"line":105,"column":5}},{"start":{},"end":{}}],"line":102},"7":{"loc":{"start":{"line":111,"column":4},"end":{"line":114,"column":5}},"type":"if","locations":[{"start":{"line":111,"column":4},"end":{"line":114,"column":5}},{"start":{},"end":{}}],"line":111},"8":{"loc":{"start":{"line":116,"column":31},"end":{"line":118,"column":45}},"type":"binary-expr","locations":[{"start":{"line":116,"column":31},"end":{"line":118,"column":39}},{"start":{"line":118,"column":43},"end":{"line":118,"column":45}}],"line":116},"9":{"loc":{"start":{"line":139,"column":2},"end":{"line":145,"column":3}},"type":"if","locations":[{"start":{"line":139,"column":2},"end":{"line":145,"column":3}},{"start":{},"end":{}}],"line":139},"10":{"loc":{"start":{"line":139,"column":6},"end":{"line":139,"column":40}},"type":"binary-expr","locations":[{"start":{"line":139,"column":6},"end":{"line":139,"column":20}},{"start":{"line":139,"column":24},"end":{"line":139,"column":40}}],"line":139},"11":{"loc":{"start":{"line":167,"column":9},"end":{"line":198,"column":9}},"type":"cond-expr","locations":[{"start":{"line":168,"column":10},"end":{"line":187,"column":16}},{"start":{"line":189,"column":10},"end":{"line":197,"column":16}}],"line":167},"12":{"loc":{"start":{"line":167,"column":9},"end":{"line":167,"column":58}},"type":"binary-expr","locations":[{"start":{"line":167,"column":9},"end":{"line":167,"column":26}},{"start":{"line":167,"column":30},"end":{"line":167,"column":58}}],"line":167},"13":{"loc":{"start":{"line":174,"column":18},"end":{"line":176,"column":61}},"type":"cond-expr","locations":[{"start":{"line":175,"column":22},"end":{"line":175,"column":64}},{"start":{"line":176,"column":22},"end":{"line":176,"column":61}}],"line":174},"14":{"loc":{"start":{"line":181,"column":19},"end":{"line":183,"column":19}},"type":"binary-expr","locations":[{"start":{"line":181,"column":19},"end":{"line":181,"column":59}},{"start":{"line":182,"column":20},"end":{"line":182,"column":69}}],"line":181},"15":{"loc":{"start":{"line":224,"column":9},"end":{"line":262,"column":9}},"type":"cond-expr","locations":[{"start":{"line":225,"column":10},"end":{"line":251,"column":16}},{"start":{"line":253,"column":10},"end":{"line":261,"column":16}}],"line":224},"16":{"loc":{"start":{"line":224,"column":9},"end":{"line":224,"column":54}},"type":"binary-expr","locations":[{"start":{"line":224,"column":9},"end":{"line":224,"column":20}},{"start":{"line":224,"column":24},"end":{"line":224,"column":54}}],"line":224},"17":{"loc":{"start":{"line":231,"column":18},"end":{"line":233,"column":61}},"type":"cond-expr","locations":[{"start":{"line":232,"column":22},"end":{"line":232,"column":67}},{"start":{"line":233,"column":22},"end":{"line":233,"column":61}}],"line":231},"18":{"loc":{"start":{"line":245,"column":19},"end":{"line":247,"column":19}},"type":"binary-expr","locations":[{"start":{"line":245,"column":19},"end":{"line":245,"column":61}},{"start":{"line":246,"column":20},"end":{"line":246,"column":70}}],"line":245},"19":{"loc":{"start":{"line":266,"column":7},"end":{"line":307,"column":7}},"type":"binary-expr","locations":[{"start":{"line":266,"column":8},"end":{"line":266,"column":34}},{"start":{"line":266,"column":38},"end":{"line":266,"column":62}},{"start":{"line":267,"column":8},"end":{"line":306,"column":14}}],"line":266},"20":{"loc":{"start":{"line":279,"column":21},"end":{"line":281,"column":38}},"type":"cond-expr","locations":[{"start":{"line":280,"column":24},"end":{"line":280,"column":102}},{"start":{"line":281,"column":24},"end":{"line":281,"column":38}}],"line":279},"21":{"loc":{"start":{"line":310,"column":7},"end":{"line":434,"column":7}},"type":"binary-expr","locations":[{"start":{"line":310,"column":7},"end":{"line":310,"column":20}},{"start":{"line":311,"column":8},"end":{"line":433,"column":14}}],"line":310},"22":{"loc":{"start":{"line":374,"column":11},"end":{"line":414,"column":11}},"type":"binary-expr","locations":[{"start":{"line":374,"column":11},"end":{"line":374,"column":33}},{"start":{"line":374,"column":37},"end":{"line":374,"column":70}},{"start":{"line":375,"column":12},"end":{"line":413,"column":18}}],"line":374},"23":{"loc":{"start":{"line":394,"column":29},"end":{"line":394,"column":75}},"type":"binary-expr","locations":[{"start":{"line":394,"column":29},"end":{"line":394,"column":51}},{"start":{"line":394,"column":55},"end":{"line":394,"column":75}}],"line":394},"24":{"loc":{"start":{"line":399,"column":23},"end":{"line":408,"column":23}},"type":"binary-expr","locations":[{"start":{"line":399,"column":23},"end":{"line":399,"column":34}},{"start":{"line":400,"column":24},"end":{"line":407,"column":28}}],"line":399},"25":{"loc":{"start":{"line":447,"column":20},"end":{"line":447,"column":92}},"type":"binary-expr","locations":[{"start":{"line":447,"column":20},"end":{"line":447,"column":31}},{"start":{"line":447,"column":35},"end":{"line":447,"column":63}},{"start":{"line":447,"column":67},"end":{"line":447,"column":92}}],"line":447},"26":{"loc":{"start":{"line":450,"column":11},"end":{"line":460,"column":11}},"type":"cond-expr","locations":[{"start":{"line":451,"column":12},"end":{"line":454,"column":15}},{"start":{"line":456,"column":12},"end":{"line":459,"column":15}}],"line":450}},"s":{"0":0,"1":0,"2":0,"3":0,"4":0,"5":0,"6":0,"7":0,"8":0,"9":0,"10":0,"11":0,"12":0,"13":0,"14":0,"15":0,"16":0,"17":0,"18":0,"19":0,"20":0,"21":0,"22":0,"23":0,"24":0,"25":0,"26":0,"27":0,"28":0,"29":0,"30":0,"31":0,"32":0,"33":0,"34":0,"35":0,"36":0,"37":0,"38":0,"39":0,"40":0,"41":0,"42":0,"43":0,"44":0,"45":0,"46":0,"47":0,"48":0,"49":0,"50":0,"51":0,"52":0,"53":0,"54":0,"55":0,"56":0,"57":0,"58":0,"59":0,"60":0,"61":0,"62":0,"63":0,"64":0,"65":0},"f":{"0":0,"1":0,"2":0,"3":0,"4":0,"5":0,"6":0,"7":0,"8":0,"9":0,"10":0,"11":0,"12":0,"13":0,"14":0,"15":0,"16":0,"17":0,"18":0,"19":0,"20":0,"21":0,"22":0,"23":0,"24":0,"25":0,"26":0},"b":{"0":[0,0],"1":[0,0],"2":[0,0],"3":[0,0],"4":[0,0],"5":[0,0],"6":[0,0],"7":[0,0],"8":[0,0],"9":[0,0],"10":[0,0],"11":[0,0],"12":[0,0],"13":[0,0],"14":[0,0],"15":[0,0],"16":[0,0],"17":[0,0],"18":[0,0],"19":[0,0,0],"20":[0,0],"21":[0,0],"22":[0,0,0],"23":[0,0],"24":[0,0],"25":[0,0,0],"26":[0,0]}}
,"/Users/yousifkashef/PyCharmMiscProject/news_analyzer3/frontend/src/pages/BusinessInterest.tsx": {"path":"/Users/yousifkashef/PyCharmMiscProject/news_analyzer3/frontend/src/pages/BusinessInterest.tsx","statementMap":{"0":{"start":{"line":8,"column":35},"end":{"line":101,"column":1}},"1":{"start":{"line":9,"column":42},"end":{"line":9,"column":54}},"2":{"start":{"line":10,"column":19},"end":{"line":10,"column":32}},"3":{"start":{"line":12,"column":33},"end":{"line":24,"column":3}},"4":{"start":{"line":16,"column":8},"end":{"line":16,"column":63}},"5":{"start":{"line":17,"column":8},"end":{"line":17,"column":29}},"6":{"start":{"line":20,"column":8},"end":{"line":20,"column":75}},"7":{"start":{"line":21,"column":8},"end":{"line":21,"column":39}},"8":{"start":{"line":26,"column":23},"end":{"line":34,"column":3}},"9":{"start":{"line":27,"column":4},"end":{"line":27,"column":23}},"10":{"start":{"line":28,"column":4},"end":{"line":31,"column":5}},"11":{"start":{"line":29,"column":6},"end":{"line":29,"column":57}},"12":{"start":{"line":30,"column":6},"end":{"line":30,"column":13}},"13":{"start":{"line":33,"column":4},"end":{"line":33,"column":74}},"14":{"start":{"line":36,"column":2},"end":{"line":100,"column":4}},"15":{"start":{"line":60,"column":31},"end":{"line":60,"column":62}},"16":{"start":{"line":74,"column":29},"end":{"line":74,"column":42}}},"fnMap":{"0":{"name":"(anonymous_0)","decl":{"start":{"line":8,"column":35},"end":{"line":8,"column":36}},"loc":{"start":{"line":8,"column":41},"end":{"line":101,"column":1}},"line":8},"1":{"name":"(anonymous_1)","decl":{"start":{"line":15,"column":17},"end":{"line":15,"column":18}},"loc":{"start":{"line":15,"column":23},"end":{"line":18,"column":7}},"line":15},"2":{"name":"(anonymous_2)","decl":{"start":{"line":19,"column":15},"end":{"line":19,"column":16}},"loc":{"start":{"line":19,"column":26},"end":{"line":22,"column":7}},"line":19},"3":{"name":"(anonymous_3)","decl":{"start":{"line":26,"column":23},"end":{"line":26,"column":24}},"loc":{"start":{"line":26,"column":47},"end":{"line":34,"column":3}},"line":26},"4":{"name":"(anonymous_4)","decl":{"start":{"line":60,"column":24},"end":{"line":60,"column":25}},"loc":{"start":{"line":60,"column":31},"end":{"line":60,"column":62}},"line":60},"5":{"name":"(anonymous_5)","decl":{"start":{"line":74,"column":23},"end":{"line":74,"column":24}},"loc":{"start":{"line":74,"column":29},"end":{"line":74,"column":42}},"line":74}},"branchMap":{"0":{"loc":{"start":{"line":28,"column":4},"end":{"line":31,"column":5}},"type":"if","locations":[{"start":{"line":28,"column":4},"end":{"line":31,"column":5}},{"start":{},"end":{}}],"line":28},"1":{"loc":{"start":{"line":81,"column":24},"end":{"line":81,"column":80}},"type":"binary-expr","locations":[{"start":{"line":81,"column":24},"end":{"line":81,"column":56}},{"start":{"line":81,"column":60},"end":{"line":81,"column":80}}],"line":81},"2":{"loc":{"start":{"line":84,"column":15},"end":{"line":94,"column":15}},"type":"cond-expr","locations":[{"start":{"line":85,"column":16},"end":{"line":88,"column":19}},{"start":{"line":90,"column":16},"end":{"line":93,"column":19}}],"line":84}},"s":{"0":0,"1":0,"2":0,"3":0,"4":0,"5":0,"6":0,"7":0,"8":0,"9":0,"10":0,"11":0,"12":0,"13":0,"14":0,"15":0,"16":0},"f":{"0":0,"1":0,"2":0,"3":0,"4":0,"5":0},"b":{"0":[0,0],"1":[0,0],"2":[0,0]}}
,"/Users/yousifkashef/PyCharmMiscProject/news_analyzer3/frontend/src/pages/Dashboard.tsx": {"path":"/Users/yousifkashef/PyCharmMiscProject/news_analyzer3/frontend/src/pages/Dashboard.tsx","statementMap":{"0":{"start":{"line":13,"column":28},"end":{"line":120,"column":1}},"1":{"start":{"line":14,"column":19},"end":{"line":14,"column":32}},"2":{"start":{"line":16,"column":63},"end":{"line":19,"column":3}},"3":{"start":{"line":21,"column":20},"end":{"line":21,"column":36}},"4":{"start":{"line":23,"column":23},"end":{"line":45,"column":3}},"5":{"start":{"line":47,"column":2},"end":{"line":53,"column":3}},"6":{"start":{"line":48,"column":4},"end":{"line":52,"column":6}},"7":{"start":{"line":55,"column":2},"end":{"line":119,"column":4}},"8":{"start":{"line":70,"column":12},"end":{"line":91,"column":21}},"9":{"start":{"line":72,"column":29},"end":{"line":72,"column":50}},"10":{"start":{"line":103,"column":16},"end":{"line":110,"column":22}}},"fnMap":{"0":{"name":"(anonymous_0)","decl":{"start":{"line":13,"column":28},"end":{"line":13,"column":29}},"loc":{"start":{"line":13,"column":34},"end":{"line":120,"column":1}},"line":13},"1":{"name":"(anonymous_1)","decl":{"start":{"line":69,"column":28},"end":{"line":69,"column":29}},"loc":{"start":{"line":70,"column":12},"end":{"line":91,"column":21}},"line":70},"2":{"name":"(anonymous_2)","decl":{"start":{"line":72,"column":23},"end":{"line":72,"column":24}},"loc":{"start":{"line":72,"column":29},"end":{"line":72,"column":50}},"line":72},"3":{"name":"(anonymous_3)","decl":{"start":{"line":102,"column":50},"end":{"line":102,"column":51}},"loc":{"start":{"line":103,"column":16},"end":{"line":110,"column":22}},"line":103}},"branchMap":{"0":{"loc":{"start":{"line":47,"column":2},"end":{"line":53,"column":3}},"type":"if","locations":[{"start":{"line":47,"column":2},"end":{"line":53,"column":3}},{"start":{},"end":{}}],"line":47},"1":{"loc":{"start":{"line":100,"column":11},"end":{"line":115,"column":11}},"type":"cond-expr","locations":[{"start":{"line":101,"column":12},"end":{"line":112,"column":18}},{"start":{"line":114,"column":12},"end":{"line":114,"column":78}}],"line":100},"2":{"loc":{"start":{"line":100,"column":11},"end":{"line":100,"column":87}},"type":"binary-expr","locations":[{"start":{"line":100,"column":11},"end":{"line":100,"column":42}},{"start":{"line":100,"column":46},"end":{"line":100,"column":87}}],"line":100}},"s":{"0":1,"1":3,"2":3,"3":3,"4":3,"5":3,"6":0,"7":3,"8":9,"9":0,"10":0},"f":{"0":3,"1":9,"2":0,"3":0},"b":{"0":[0,3],"1":[0,3],"2":[3,0]},"_coverageSchema":"1a1c01bbd47fc00a2c39e90264f33305004495a9","hash":"c4231f63d87ba0ccfcad15a709e28148e265405b"}
,"/Users/yousifkashef/PyCharmMiscProject/news_analyzer3/frontend/src/pages/Login.tsx": {"path":"/Users/yousifkashef/PyCharmMiscProject/news_analyzer3/frontend/src/pages/Login.tsx","statementMap":{"0":{"start":{"line":7,"column":24},"end":{"line":83,"column":1}},"1":{"start":{"line":8,"column":36},"end":{"line":8,"column":51}},"2":{"start":{"line":9,"column":20},"end":{"line":9,"column":29}},"3":{"start":{"line":10,"column":19},"end":{"line":10,"column":32}},"4":{"start":{"line":12,"column":22},"end":{"line":24,"column":3}},"5":{"start":{"line":13,"column":4},"end":{"line":13,"column":23}},"6":{"start":{"line":14,"column":4},"end":{"line":23,"column":5}},"7":{"start":{"line":15,"column":6},"end":{"line":15,"column":20}},"8":{"start":{"line":16,"column":6},"end":{"line":16,"column":47}},"9":{"start":{"line":17,"column":6},"end":{"line":17,"column":20}},"10":{"start":{"line":19,"column":6},"end":{"line":19,"column":53}},"11":{"start":{"line":20,"column":6},"end":{"line":20,"column":43}},"12":{"start":{"line":22,"column":6},"end":{"line":22,"column":26}},"13":{"start":{"line":26,"column":2},"end":{"line":82,"column":4}}},"fnMap":{"0":{"name":"(anonymous_0)","decl":{"start":{"line":7,"column":24},"end":{"line":7,"column":25}},"loc":{"start":{"line":7,"column":30},"end":{"line":83,"column":1}},"line":7},"1":{"name":"(anonymous_1)","decl":{"start":{"line":12,"column":22},"end":{"line":12,"column":23}},"loc":{"start":{"line":12,"column":34},"end":{"line":24,"column":3}},"line":12}},"branchMap":{"0":{"loc":{"start":{"line":57,"column":15},"end":{"line":64,"column":15}},"type":"cond-expr","locations":[{"start":{"line":58,"column":16},"end":{"line":61,"column":19}},{"start":{"line":63,"column":16},"end":{"line":63,"column":25}}],"line":57}},"s":{"0":1,"1":4,"2":4,"3":4,"4":4,"5":0,"6":0,"7":0,"8":0,"9":0,"10":0,"11":0,"12":0,"13":4},"f":{"0":4,"1":0},"b":{"0":[0,4]},"_coverageSchema":"1a1c01bbd47fc00a2c39e90264f33305004495a9","hash":"c588ae1b3dd3b7cfaad365363469dc3369c7e645"}
,"/Users/yousifkashef/PyCharmMiscProject/news_analyzer3/frontend/src/pages/Results.tsx": {"path":"/Users/yousifkashef/PyCharmMiscProject/news_analyzer3/frontend/src/pages/Results.tsx","statementMap":{"0":{"start":{"line":18,"column":26},"end":{"line":261,"column":1}},"1":{"start":{"line":19,"column":24},"end":{"line":19,"column":58}},"2":{"start":{"line":20,"column":19},"end":{"line":20,"column":32}},"3":{"start":{"line":23,"column":46},"end":{"line":30,"column":3}},"4":{"start":{"line":25,"column":10},"end":{"line":25,"column":50}},"5":{"start":{"line":32,"column":21},"end":{"line":40,"column":3}},"6":{"start":{"line":33,"column":4},"end":{"line":39,"column":7}},"7":{"start":{"line":42,"column":28},"end":{"line":46,"column":3}},"8":{"start":{"line":43,"column":4},"end":{"line":43,"column":46}},"9":{"start":{"line":43,"column":22},"end":{"line":43,"column":46}},"10":{"start":{"line":44,"column":4},"end":{"line":44,"column":47}},"11":{"start":{"line":44,"column":22},"end":{"line":44,"column":47}},"12":{"start":{"line":45,"column":4},"end":{"line":45,"column":26}},"13":{"start":{"line":48,"column":2},"end":{"line":54,"column":3}},"14":{"start":{"line":49,"column":4},"end":{"line":53,"column":6}},"15":{"start":{"line":56,"column":2},"end":{"line":75,"column":3}},"16":{"start":{"line":57,"column":4},"end":{"line":74,"column":6}},"17":{"start":{"line":66,"column":27},"end":{"line":66,"column":48}},"18":{"start":{"line":77,"column":2},"end":{"line":96,"column":3}},"19":{"start":{"line":78,"column":4},"end":{"line":95,"column":6}},"20":{"start":{"line":87,"column":27},"end":{"line":87,"column":48}},"21":{"start":{"line":98,"column":2},"end":{"line":260,"column":4}},"22":{"start":{"line":189,"column":14},"end":{"line":229,"column":20}},"23":{"start":{"line":246,"column":25},"end":{"line":246,"column":46}},"24":{"start":{"line":253,"column":25},"end":{"line":253,"column":38}}},"fnMap":{"0":{"name":"(anonymous_0)","decl":{"start":{"line":18,"column":26},"end":{"line":18,"column":27}},"loc":{"start":{"line":18,"column":32},"end":{"line":261,"column":1}},"line":18},"1":{"name":"(anonymous_1)","decl":{"start":{"line":25,"column":4},"end":{"line":25,"column":5}},"loc":{"start":{"line":25,"column":10},"end":{"line":25,"column":50}},"line":25},"2":{"name":"(anonymous_2)","decl":{"start":{"line":32,"column":21},"end":{"line":32,"column":22}},"loc":{"start":{"line":32,"column":45},"end":{"line":40,"column":3}},"line":32},"3":{"name":"(anonymous_3)","decl":{"start":{"line":42,"column":28},"end":{"line":42,"column":29}},"loc":{"start":{"line":42,"column":47},"end":{"line":46,"column":3}},"line":42},"4":{"name":"(anonymous_4)","decl":{"start":{"line":66,"column":21},"end":{"line":66,"column":22}},"loc":{"start":{"line":66,"column":27},"end":{"line":66,"column":48}},"line":66},"5":{"name":"(anonymous_5)","decl":{"start":{"line":87,"column":21},"end":{"line":87,"column":22}},"loc":{"start":{"line":87,"column":27},"end":{"line":87,"column":48}},"line":87},"6":{"name":"(anonymous_6)","decl":{"start":{"line":188,"column":34},"end":{"line":188,"column":35}},"loc":{"start":{"line":189,"column":14},"end":{"line":229,"column":20}},"line":189},"7":{"name":"(anonymous_7)","decl":{"start":{"line":246,"column":19},"end":{"line":246,"column":20}},"loc":{"start":{"line":246,"column":25},"end":{"line":246,"column":46}},"line":246},"8":{"name":"(anonymous_8)","decl":{"start":{"line":253,"column":19},"end":{"line":253,"column":20}},"loc":{"start":{"line":253,"column":25},"end":{"line":253,"column":38}},"line":253}},"branchMap":{"0":{"loc":{"start":{"line":43,"column":4},"end":{"line":43,"column":46}},"type":"if","locations":[{"start":{"line":43,"column":4},"end":{"line":43,"column":46}},{"start":{},"end":{}}],"line":43},"1":{"loc":{"start":{"line":44,"column":4},"end":{"line":44,"column":47}},"type":"if","locations":[{"start":{"line":44,"column":4},"end":{"line":44,"column":47}},{"start":{},"end":{}}],"line":44},"2":{"loc":{"start":{"line":48,"column":2},"end":{"line":54,"column":3}},"type":"if","locations":[{"start":{"line":48,"column":2},"end":{"line":54,"column":3}},{"start":{},"end":{}}],"line":48},"3":{"loc":{"start":{"line":56,"column":2},"end":{"line":75,"column":3}},"type":"if","locations":[{"start":{"line":56,"column":2},"end":{"line":75,"column":3}},{"start":{},"end":{}}],"line":56},"4":{"loc":{"start":{"line":77,"column":2},"end":{"line":96,"column":3}},"type":"if","locations":[{"start":{"line":77,"column":2},"end":{"line":96,"column":3}},{"start":{},"end":{}}],"line":77},"5":{"loc":{"start":{"line":149,"column":17},"end":{"line":151,"column":21}},"type":"cond-expr","locations":[{"start":{"line":150,"column":20},"end":{"line":150,"column":90}},{"start":{"line":151,"column":20},"end":{"line":151,"column":21}}],"line":149},"6":{"loc":{"start":{"line":173,"column":7},"end":{"line":180,"column":7}},"type":"binary-expr","locations":[{"start":{"line":173,"column":7},"end":{"line":173,"column":22}},{"start":{"line":174,"column":8},"end":{"line":179,"column":14}}],"line":173},"7":{"loc":{"start":{"line":186,"column":9},"end":{"line":240,"column":9}},"type":"cond-expr","locations":[{"start":{"line":187,"column":10},"end":{"line":231,"column":16}},{"start":{"line":233,"column":10},"end":{"line":239,"column":16}}],"line":186},"8":{"loc":{"start":{"line":186,"column":9},"end":{"line":186,"column":56}},"type":"binary-expr","locations":[{"start":{"line":186,"column":9},"end":{"line":186,"column":25}},{"start":{"line":186,"column":29},"end":{"line":186,"column":56}}],"line":186},"9":{"loc":{"start":{"line":199,"column":23},"end":{"line":203,"column":23}},"type":"binary-expr","locations":[{"start":{"line":199,"column":23},"end":{"line":199,"column":46}},{"start":{"line":200,"column":24},"end":{"line":202,"column":31}}],"line":199},"10":{"loc":{"start":{"line":213,"column":25},"end":{"line":213,"column":71}},"type":"binary-expr","locations":[{"start":{"line":213,"column":25},"end":{"line":213,"column":47}},{"start":{"line":213,"column":51},"end":{"line":213,"column":71}}],"line":213}},"s":{"0":0,"1":0,"2":0,"3":0,"4":0,"5":0,"6":0,"7":0,"8":0,"9":0,"10":0,"11":0,"12":0,"13":0,"14":0,"15":0,"16":0,"17":0,"18":0,"19":0,"20":0,"21":0,"22":0,"23":0,"24":0},"f":{"0":0,"1":0,"2":0,"3":0,"4":0,"5":0,"6":0,"7":0,"8":0},"b":{"0":[0,0],"1":[0,0],"2":[0,0],"3":[0,0],"4":[0,0],"5":[0,0],"6":[0,0],"7":[0,0],"8":[0,0],"9":[0,0],"10":[0,0]}}
,"/Users/yousifkashef/PyCharmMiscProject/news_analyzer3/frontend/src/pages/Sources.tsx": {"path":"/Users/yousifkashef/PyCharmMiscProject/news_analyzer3/frontend/src/pages/Sources.tsx","statementMap":{"0":{"start":{"line":17,"column":26},"end":{"line":359,"column":1}},"1":{"start":{"line":18,"column":42},"end":{"line":18,"column":54}},"2":{"start":{"line":19,"column":46},"end":{"line":19,"column":61}},"3":{"start":{"line":20,"column":19},"end":{"line":20,"column":32}},"4":{"start":{"line":21,"column":22},"end":{"line":21,"column":38}},"5":{"start":{"line":24,"column":59},"end":{"line":27,"column":3}},"6":{"start":{"line":30,"column":62},"end":{"line":33,"column":3}},"7":{"start":{"line":36,"column":28},"end":{"line":50,"column":3}},"8":{"start":{"line":40,"column":8},"end":{"line":40,"column":47}},"9":{"start":{"line":41,"column":8},"end":{"line":41,"column":52}},"10":{"start":{"line":42,"column":8},"end":{"line":42,"column":28}},"11":{"start":{"line":43,"column":8},"end":{"line":43,"column":49}},"12":{"start":{"line":46,"column":8},"end":{"line":46,"column":48}},"13":{"start":{"line":47,"column":8},"end":{"line":47,"column":76}},"14":{"start":{"line":53,"column":31},"end":{"line":64,"column":3}},"15":{"start":{"line":57,"column":8},"end":{"line":57,"column":54}},"16":{"start":{"line":58,"column":8},"end":{"line":58,"column":49}},"17":{"start":{"line":61,"column":8},"end":{"line":61,"column":47}},"18":{"start":{"line":66,"column":26},"end":{"line":99,"column":3}},"19":{"start":{"line":67,"column":4},"end":{"line":67,"column":23}},"20":{"start":{"line":68,"column":4},"end":{"line":68,"column":66}},"21":{"start":{"line":69,"column":4},"end":{"line":69,"column":34}},"22":{"start":{"line":71,"column":4},"end":{"line":74,"column":5}},"23":{"start":{"line":72,"column":6},"end":{"line":72,"column":47}},"24":{"start":{"line":73,"column":6},"end":{"line":73,"column":13}},"25":{"start":{"line":77,"column":14},"end":{"line":77,"column":33}},"26":{"start":{"line":78,"column":4},"end":{"line":80,"column":5}},"27":{"start":{"line":79,"column":6},"end":{"line":79,"column":29}},"28":{"start":{"line":82,"column":4},"end":{"line":87,"column":5}},"29":{"start":{"line":83,"column":6},"end":{"line":83,"column":19}},"30":{"start":{"line":85,"column":6},"end":{"line":85,"column":46}},"31":{"start":{"line":86,"column":6},"end":{"line":86,"column":13}},"32":{"start":{"line":89,"column":4},"end":{"line":89,"column":28}},"33":{"start":{"line":90,"column":4},"end":{"line":98,"column":5}},"34":{"start":{"line":91,"column":6},"end":{"line":91,"column":68}},"35":{"start":{"line":92,"column":6},"end":{"line":92,"column":63}},"36":{"start":{"line":93,"column":6},"end":{"line":93,"column":47}},"37":{"start":{"line":95,"column":6},"end":{"line":95,"column":51}},"38":{"start":{"line":97,"column":6},"end":{"line":97,"column":31}},"39":{"start":{"line":101,"column":33},"end":{"line":108,"column":3}},"40":{"start":{"line":102,"column":4},"end":{"line":102,"column":28}},"41":{"start":{"line":103,"column":4},"end":{"line":107,"column":5}},"42":{"start":{"line":104,"column":6},"end":{"line":104,"column":63}},"43":{"start":{"line":106,"column":6},"end":{"line":106,"column":31}},"44":{"start":{"line":110,"column":29},"end":{"line":114,"column":3}},"45":{"start":{"line":111,"column":4},"end":{"line":113,"column":5}},"46":{"start":{"line":112,"column":6},"end":{"line":112,"column":55}},"47":{"start":{"line":116,"column":27},"end":{"line":122,"column":3}},"48":{"start":{"line":117,"column":4},"end":{"line":121,"column":5}},"49":{"start":{"line":118,"column":6},"end":{"line":118,"column":55}},"50":{"start":{"line":120,"column":6},"end":{"line":120,"column":17}},"51":{"start":{"line":124,"column":2},"end":{"line":130,"column":3}},"52":{"start":{"line":125,"column":4},"end":{"line":129,"column":6}},"53":{"start":{"line":132,"column":2},"end":{"line":358,"column":4}},"54":{"start":{"line":198,"column":14},"end":{"line":231,"column":20}},"55":{"start":{"line":202,"column":35},"end":{"line":202,"column":56}},"56":{"start":{"line":203,"column":43},"end":{"line":205,"column":21}},"57":{"start":{"line":204,"column":34},"end":{"line":204,"column":59}},"58":{"start":{"line":207,"column":20},"end":{"line":228,"column":22}},"59":{"start":{"line":210,"column":39},"end":{"line":210,"column":85}},"60":{"start":{"line":251,"column":18},"end":{"line":251,"column":64}},"61":{"start":{"line":252,"column":18},"end":{"line":252,"column":50}},"62":{"start":{"line":260,"column":31},"end":{"line":260,"column":68}},"63":{"start":{"line":296,"column":14},"end":{"line":326,"column":20}},"64":{"start":{"line":319,"column":35},"end":{"line":319,"column":71}},"65":{"start":{"line":343,"column":25},"end":{"line":343,"column":55}},"66":{"start":{"line":349,"column":25},"end":{"line":349,"column":46}}},"fnMap":{"0":{"name":"(anonymous_0)","decl":{"start":{"line":17,"column":26},"end":{"line":17,"column":27}},"loc":{"start":{"line":17,"column":32},"end":{"line":359,"column":1}},"line":17},"1":{"name":"(anonymous_1)","decl":{"start":{"line":39,"column":17},"end":{"line":39,"column":18}},"loc":{"start":{"line":39,"column":27},"end":{"line":44,"column":7}},"line":39},"2":{"name":"(anonymous_2)","decl":{"start":{"line":45,"column":15},"end":{"line":45,"column":16}},"loc":{"start":{"line":45,"column":31},"end":{"line":48,"column":7}},"line":45},"3":{"name":"(anonymous_3)","decl":{"start":{"line":56,"column":17},"end":{"line":56,"column":18}},"loc":{"start":{"line":56,"column":23},"end":{"line":59,"column":7}},"line":56},"4":{"name":"(anonymous_4)","decl":{"start":{"line":60,"column":15},"end":{"line":60,"column":16}},"loc":{"start":{"line":60,"column":31},"end":{"line":62,"column":7}},"line":60},"5":{"name":"(anonymous_5)","decl":{"start":{"line":66,"column":26},"end":{"line":66,"column":27}},"loc":{"start":{"line":66,"column":56},"end":{"line":99,"column":3}},"line":66},"6":{"name":"(anonymous_6)","decl":{"start":{"line":101,"column":33},"end":{"line":101,"column":34}},"loc":{"start":{"line":101,"column":56},"end":{"line":108,"column":3}},"line":101},"7":{"name":"(anonymous_7)","decl":{"start":{"line":110,"column":29},"end":{"line":110,"column":30}},"loc":{"start":{"line":110,"column":57},"end":{"line":114,"column":3}},"line":110},"8":{"name":"(anonymous_8)","decl":{"start":{"line":116,"column":27},"end":{"line":116,"column":28}},"loc":{"start":{"line":116,"column":44},"end":{"line":122,"column":3}},"line":116},"9":{"name":"(anonymous_9)","decl":{"start":{"line":197,"column":48},"end":{"line":197,"column":49}},"loc":{"start":{"line":198,"column":14},"end":{"line":231,"column":20}},"line":198},"10":{"name":"(anonymous_10)","decl":{"start":{"line":201,"column":28},"end":{"line":201,"column":29}},"loc":{"start":{"line":201,"column":37},"end":{"line":229,"column":19}},"line":201},"11":{"name":"(anonymous_11)","decl":{"start":{"line":204,"column":22},"end":{"line":204,"column":23}},"loc":{"start":{"line":204,"column":34},"end":{"line":204,"column":59}},"line":204},"12":{"name":"(anonymous_12)","decl":{"start":{"line":210,"column":33},"end":{"line":210,"column":34}},"loc":{"start":{"line":210,"column":39},"end":{"line":210,"column":85}},"line":210},"13":{"name":"(anonymous_13)","decl":{"start":{"line":250,"column":26},"end":{"line":250,"column":27}},"loc":{"start":{"line":250,"column":33},"end":{"line":253,"column":17}},"line":250},"14":{"name":"(anonymous_14)","decl":{"start":{"line":260,"column":25},"end":{"line":260,"column":26}},"loc":{"start":{"line":260,"column":31},"end":{"line":260,"column":68}},"line":260},"15":{"name":"(anonymous_15)","decl":{"start":{"line":295,"column":37},"end":{"line":295,"column":38}},"loc":{"start":{"line":296,"column":14},"end":{"line":326,"column":20}},"line":296},"16":{"name":"(anonymous_16)","decl":{"start":{"line":319,"column":29},"end":{"line":319,"column":30}},"loc":{"start":{"line":319,"column":35},"end":{"line":319,"column":71}},"line":319},"17":{"name":"(anonymous_17)","decl":{"start":{"line":343,"column":19},"end":{"line":343,"column":20}},"loc":{"start":{"line":343,"column":25},"end":{"line":343,"column":55}},"line":343},"18":{"name":"(anonymous_18)","decl":{"start":{"line":349,"column":19},"end":{"line":349,"column":20}},"loc":{"start":{"line":349,"column":25},"end":{"line":349,"column":46}},"line":349}},"branchMap":{"0":{"loc":{"start":{"line":47,"column":20},"end":{"line":47,"column":74}},"type":"binary-expr","locations":[{"start":{"line":47,"column":20},"end":{"line":47,"column":48}},{"start":{"line":47,"column":52},"end":{"line":47,"column":74}}],"line":47},"1":{"loc":{"start":{"line":71,"column":4},"end":{"line":74,"column":5}},"type":"if","locations":[{"start":{"line":71,"column":4},"end":{"line":74,"column":5}},{"start":{},"end":{}}],"line":71},"2":{"loc":{"start":{"line":78,"column":4},"end":{"line":80,"column":5}},"type":"if","locations":[{"start":{"line":78,"column":4},"end":{"line":80,"column":5}},{"start":{},"end":{}}],"line":78},"3":{"loc":{"start":{"line":78,"column":8},"end":{"line":78,"column":65}},"type":"binary-expr","locations":[{"start":{"line":78,"column":8},"end":{"line":78,"column":34}},{"start":{"line":78,"column":38},"end":{"line":78,"column":65}}],"line":78},"4":{"loc":{"start":{"line":111,"column":4},"end":{"line":113,"column":5}},"type":"if","locations":[{"start":{"line":111,"column":4},"end":{"line":113,"column":5}},{"start":{},"end":{}}],"line":111},"5":{"loc":{"start":{"line":124,"column":2},"end":{"line":130,"column":3}},"type":"if","locations":[{"start":{"line":124,"column":2},"end":{"line":130,"column":3}},{"start":{},"end":{}}],"line":124},"6":{"loc":{"start":{"line":124,"column":6},"end":{"line":124,"column":38}},"type":"binary-expr","locations":[{"start":{"line":124,"column":6},"end":{"line":124,"column":20}},{"start":{"line":124,"column":24},"end":{"line":124,"column":38}}],"line":124},"7":{"loc":{"start":{"line":146,"column":7},"end":{"line":190,"column":7}},"type":"binary-expr","locations":[{"start":{"line":146,"column":7},"end":{"line":146,"column":18}},{"start":{"line":147,"column":8},"end":{"line":189,"column":14}}],"line":146},"8":{"loc":{"start":{"line":184,"column":19},"end":{"line":184,"column":83}},"type":"cond-expr","locations":[{"start":{"line":184,"column":36},"end":{"line":184,"column":79}},{"start":{"line":184,"column":82},"end":{"line":184,"column":83}}],"line":184},"9":{"loc":{"start":{"line":193,"column":7},"end":{"line":235,"column":7}},"type":"binary-expr","locations":[{"start":{"line":193,"column":7},"end":{"line":193,"column":21}},{"start":{"line":194,"column":8},"end":{"line":234,"column":14}}],"line":193},"10":{"loc":{"start":{"line":210,"column":39},"end":{"line":210,"column":85}},"type":"binary-expr","locations":[{"start":{"line":210,"column":39},"end":{"line":210,"column":54}},{"start":{"line":210,"column":58},"end":{"line":210,"column":85}}],"line":210},"11":{"loc":{"start":{"line":211,"column":34},"end":{"line":211,"column":66}},"type":"binary-expr","locations":[{"start":{"line":211,"column":34},"end":{"line":211,"column":48}},{"start":{"line":211,"column":52},"end":{"line":211,"column":66}}],"line":211},"12":{"loc":{"start":{"line":213,"column":26},"end":{"line":215,"column":97}},"type":"cond-expr","locations":[{"start":{"line":214,"column":30},"end":{"line":214,"column":91}},{"start":{"line":215,"column":30},"end":{"line":215,"column":97}}],"line":213},"13":{"loc":{"start":{"line":222,"column":25},"end":{"line":226,"column":25}},"type":"cond-expr","locations":[{"start":{"line":223,"column":26},"end":{"line":223,"column":76}},{"start":{"line":225,"column":26},"end":{"line":225,"column":68}}],"line":222},"14":{"loc":{"start":{"line":261,"column":26},"end":{"line":261,"column":64}},"type":"binary-expr","locations":[{"start":{"line":261,"column":26},"end":{"line":261,"column":40}},{"start":{"line":261,"column":44},"end":{"line":261,"column":64}}],"line":261},"15":{"loc":{"start":{"line":264,"column":17},"end":{"line":274,"column":17}},"type":"cond-expr","locations":[{"start":{"line":265,"column":18},"end":{"line":268,"column":21}},{"start":{"line":270,"column":18},"end":{"line":273,"column":21}}],"line":264},"16":{"loc":{"start":{"line":288,"column":11},"end":{"line":290,"column":11}},"type":"binary-expr","locations":[{"start":{"line":288,"column":11},"end":{"line":288,"column":41}},{"start":{"line":289,"column":12},"end":{"line":289,"column":79}}],"line":288},"17":{"loc":{"start":{"line":293,"column":9},"end":{"line":337,"column":9}},"type":"cond-expr","locations":[{"start":{"line":294,"column":10},"end":{"line":328,"column":16}},{"start":{"line":330,"column":10},"end":{"line":336,"column":16}}],"line":293},"18":{"loc":{"start":{"line":293,"column":9},"end":{"line":293,"column":63}},"type":"binary-expr","locations":[{"start":{"line":293,"column":9},"end":{"line":293,"column":29}},{"start":{"line":293,"column":33},"end":{"line":293,"column":63}}],"line":293},"19":{"loc":{"start":{"line":350,"column":20},"end":{"line":350,"column":65}},"type":"binary-expr","locations":[{"start":{"line":350,"column":20},"end":{"line":350,"column":32}},{"start":{"line":350,"column":36},"end":{"line":350,"column":65}}],"line":350}},"s":{"0":1,"1":29,"2":28,"3":28,"4":28,"5":0,"6":0,"7":0,"8":0,"9":0,"10":0,"11":0,"12":0,"13":0,"14":0,"15":0,"16":0,"17":0,"18":0,"19":0,"20":0,"21":0,"22":0,"23":0,"24":0,"25":0,"26":0,"27":0,"28":0,"29":0,"30":0,"31":0,"32":0,"33":0,"34":0,"35":0,"36":0,"37":0,"38":0,"39":0,"40":0,"41":0,"42":0,"43":0,"44":0,"45":0,"46":0,"47":0,"48":0,"49":0,"50":0,"51":0,"52":0,"53":0,"54":0,"55":0,"56":0,"57":0,"58":0,"59":0,"60":0,"61":0,"62":0,"63":0,"64":0,"65":0,"66":0},"f":{"0":29,"1":0,"2":0,"3":0,"4":0,"5":0,"6":0,"7":0,"8":0,"9":0,"10":0,"11":0,"12":0,"13":0,"14":0,"15":0,"16":0,"17":0,"18":0},"b":{"0":[0,0],"1":[0,0],"2":[0,0],"3":[0,0],"4":[0,0],"5":[0,0],"6":[0,0],"7":[0,0],"8":[0,0],"9":[0,0],"10":[0,0],"11":[0,0],"12":[0,0],"13":[0,0],"14":[0,0],"15":[0,0],"16":[0,0],"17":[0,0],"18":[0,0],"19":[0,0]},"_coverageSchema":"1a1c01bbd47fc00a2c39e90264f33305004495a9","hash":"981afcf45195025f827fbc94b00a7e250b366cca"}
,"/Users/yousifkashef/PyCharmMiscProject/news_analyzer3/frontend/src/services/api.ts": {"path":"/Users/yousifkashef/PyCharmMiscProject/news_analyzer3/frontend/src/services/api.ts","statementMap":{"0":{"start":{"line":18,"column":12},"end":{"line":23,"column":2}},"1":{"start":{"line":26,"column":0},"end":{"line":32,"column":3}},"2":{"start":{"line":27,"column":16},"end":{"line":27,"column":45}},"3":{"start":{"line":28,"column":2},"end":{"line":30,"column":3}},"4":{"start":{"line":29,"column":4},"end":{"line":29,"column":53}},"5":{"start":{"line":31,"column":2},"end":{"line":31,"column":16}},"6":{"start":{"line":35,"column":0},"end":{"line":44,"column":2}},"7":{"start":{"line":36,"column":16},"end":{"line":36,"column":24}},"8":{"start":{"line":38,"column":4},"end":{"line":41,"column":5}},"9":{"start":{"line":39,"column":6},"end":{"line":39,"column":39}},"10":{"start":{"line":40,"column":6},"end":{"line":40,"column":38}},"11":{"start":{"line":42,"column":4},"end":{"line":42,"column":33}},"12":{"start":{"line":47,"column":23},"end":{"line":62,"column":1}},"13":{"start":{"line":49,"column":21},"end":{"line":49,"column":65}},"14":{"start":{"line":50,"column":4},"end":{"line":50,"column":25}},"15":{"start":{"line":54,"column":21},"end":{"line":54,"column":46}},"16":{"start":{"line":55,"column":4},"end":{"line":55,"column":25}},"17":{"start":{"line":59,"column":21},"end":{"line":59,"column":51}},"18":{"start":{"line":60,"column":4},"end":{"line":60,"column":25}},"19":{"start":{"line":65,"column":35},"end":{"line":85,"column":1}},"20":{"start":{"line":67,"column":21},"end":{"line":67,"column":90}},"21":{"start":{"line":68,"column":4},"end":{"line":68,"column":25}},"22":{"start":{"line":72,"column":21},"end":{"line":72,"column":85}},"23":{"start":{"line":73,"column":4},"end":{"line":73,"column":25}},"24":{"start":{"line":77,"column":21},"end":{"line":77,"column":89}},"25":{"start":{"line":78,"column":4},"end":{"line":78,"column":25}},"26":{"start":{"line":82,"column":21},"end":{"line":82,"column":74}},"27":{"start":{"line":83,"column":4},"end":{"line":83,"column":25}},"28":{"start":{"line":88,"column":26},"end":{"line":111,"column":1}},"29":{"start":{"line":90,"column":21},"end":{"line":90,"column":67}},"30":{"start":{"line":91,"column":4},"end":{"line":91,"column":25}},"31":{"start":{"line":95,"column":4},"end":{"line":95,"column":53}},"32":{"start":{"line":96,"column":4},"end":{"line":96,"column":55}},"33":{"start":{"line":97,"column":21},"end":{"line":97,"column":62}},"34":{"start":{"line":98,"column":4},"end":{"line":98,"column":48}},"35":{"start":{"line":99,"column":4},"end":{"line":99,"column":25}},"36":{"start":{"line":103,"column":21},"end":{"line":103,"column":61}},"37":{"start":{"line":104,"column":4},"end":{"line":104,"column":25}},"38":{"start":{"line":108,"column":21},"end":{"line":108,"column":70}},"39":{"start":{"line":109,"column":4},"end":{"line":109,"column":25}},"40":{"start":{"line":114,"column":23},"end":{"line":134,"column":1}},"41":{"start":{"line":116,"column":21},"end":{"line":116,"column":80}},"42":{"start":{"line":117,"column":4},"end":{"line":117,"column":25}},"43":{"start":{"line":121,"column":21},"end":{"line":121,"column":71}},"44":{"start":{"line":122,"column":4},"end":{"line":122,"column":25}},"45":{"start":{"line":126,"column":21},"end":{"line":126,"column":87}},"46":{"start":{"line":127,"column":4},"end":{"line":127,"column":25}},"47":{"start":{"line":131,"column":21},"end":{"line":131,"column":68}},"48":{"start":{"line":132,"column":4},"end":{"line":132,"column":25}},"49":{"start":{"line":137,"column":27},"end":{"line":147,"column":1}},"50":{"start":{"line":139,"column":21},"end":{"line":139,"column":74}},"51":{"start":{"line":140,"column":4},"end":{"line":140,"column":25}},"52":{"start":{"line":144,"column":21},"end":{"line":144,"column":72}},"53":{"start":{"line":145,"column":4},"end":{"line":145,"column":25}}},"fnMap":{"0":{"name":"(anonymous_0)","decl":{"start":{"line":26,"column":29},"end":{"line":26,"column":30}},"loc":{"start":{"line":26,"column":41},"end":{"line":32,"column":1}},"line":26},"1":{"name":"(anonymous_1)","decl":{"start":{"line":36,"column":2},"end":{"line":36,"column":3}},"loc":{"start":{"line":36,"column":16},"end":{"line":36,"column":24}},"line":36},"2":{"name":"(anonymous_2)","decl":{"start":{"line":37,"column":2},"end":{"line":37,"column":3}},"loc":{"start":{"line":37,"column":13},"end":{"line":43,"column":3}},"line":37},"3":{"name":"(anonymous_3)","decl":{"start":{"line":48,"column":9},"end":{"line":48,"column":10}},"loc":{"start":{"line":48,"column":45},"end":{"line":51,"column":3}},"line":48},"4":{"name":"(anonymous_4)","decl":{"start":{"line":53,"column":18},"end":{"line":53,"column":19}},"loc":{"start":{"line":53,"column":30},"end":{"line":56,"column":3}},"line":53},"5":{"name":"(anonymous_5)","decl":{"start":{"line":58,"column":10},"end":{"line":58,"column":11}},"loc":{"start":{"line":58,"column":22},"end":{"line":61,"column":3}},"line":58},"6":{"name":"(anonymous_6)","decl":{"start":{"line":66,"column":10},"end":{"line":66,"column":11}},"loc":{"start":{"line":66,"column":77},"end":{"line":69,"column":3}},"line":66},"7":{"name":"(anonymous_7)","decl":{"start":{"line":71,"column":10},"end":{"line":71,"column":11}},"loc":{"start":{"line":71,"column":51},"end":{"line":74,"column":3}},"line":71},"8":{"name":"(anonymous_8)","decl":{"start":{"line":76,"column":11},"end":{"line":76,"column":12}},"loc":{"start":{"line":76,"column":60},"end":{"line":79,"column":3}},"line":76},"9":{"name":"(anonymous_9)","decl":{"start":{"line":81,"column":10},"end":{"line":81,"column":11}},"loc":{"start":{"line":81,"column":32},"end":{"line":84,"column":3}},"line":81},"10":{"name":"(anonymous_10)","decl":{"start":{"line":89,"column":10},"end":{"line":89,"column":11}},"loc":{"start":{"line":89,"column":51},"end":{"line":92,"column":3}},"line":89},"11":{"name":"(anonymous_11)","decl":{"start":{"line":94,"column":7},"end":{"line":94,"column":8}},"loc":{"start":{"line":94,"column":54},"end":{"line":100,"column":3}},"line":94},"12":{"name":"(anonymous_12)","decl":{"start":{"line":102,"column":10},"end":{"line":102,"column":11}},"loc":{"start":{"line":102,"column":38},"end":{"line":105,"column":3}},"line":102},"13":{"name":"(anonymous_13)","decl":{"start":{"line":107,"column":14},"end":{"line":107,"column":15}},"loc":{"start":{"line":107,"column":51},"end":{"line":110,"column":3}},"line":107},"14":{"name":"(anonymous_14)","decl":{"start":{"line":115,"column":11},"end":{"line":115,"column":12}},"loc":{"start":{"line":115,"column":79},"end":{"line":118,"column":3}},"line":115},"15":{"name":"(anonymous_15)","decl":{"start":{"line":120,"column":15},"end":{"line":120,"column":16}},"loc":{"start":{"line":120,"column":55},"end":{"line":123,"column":3}},"line":120},"16":{"name":"(anonymous_16)","decl":{"start":{"line":125,"column":14},"end":{"line":125,"column":15}},"loc":{"start":{"line":125,"column":74},"end":{"line":128,"column":3}},"line":125},"17":{"name":"(anonymous_17)","decl":{"start":{"line":130,"column":17},"end":{"line":130,"column":18}},"loc":{"start":{"line":130,"column":46},"end":{"line":133,"column":3}},"line":130},"18":{"name":"(anonymous_18)","decl":{"start":{"line":138,"column":17},"end":{"line":138,"column":18}},"loc":{"start":{"line":138,"column":54},"end":{"line":141,"column":3}},"line":138},"19":{"name":"(anonymous_19)","decl":{"start":{"line":143,"column":16},"end":{"line":143,"column":17}},"loc":{"start":{"line":143,"column":52},"end":{"line":146,"column":3}},"line":143}},"branchMap":{"0":{"loc":{"start":{"line":28,"column":2},"end":{"line":30,"column":3}},"type":"if","locations":[{"start":{"line":28,"column":2},"end":{"line":30,"column":3}},{"start":{},"end":{}}],"line":28},"1":{"loc":{"start":{"line":38,"column":4},"end":{"line":41,"column":5}},"type":"if","locations":[{"start":{"line":38,"column":4},"end":{"line":41,"column":5}},{"start":{},"end":{}}],"line":38}},"s":{"0":3,"1":3,"2":0,"3":0,"4":0,"5":0,"6":3,"7":0,"8":0,"9":0,"10":0,"11":0,"12":3,"13":0,"14":0,"15":0,"16":0,"17":0,"18":0,"19":3,"20":0,"21":0,"22":0,"23":0,"24":0,"25":0,"26":0,"27":0,"28":3,"29":0,"30":0,"31":0,"32":0,"33":0,"34":0,"35":0,"36":0,"37":0,"38":0,"39":0,"40":3,"41":0,"42":0,"43":0,"44":0,"45":0,"46":0,"47":0,"48":0,"49":3,"50":0,"51":0,"52":0,"53":0},"f":{"0":0,"1":0,"2":0,"3":0,"4":0,"5":0,"6":0,"7":0,"8":0,"9":0,"10":0,"11":0,"12":0,"13":0,"14":0,"15":0,"16":0,"17":0,"18":0,"19":0},"b":{"0":[0,0],"1":[0,0]},"_coverageSchema":"1a1c01bbd47fc00a2c39e90264f33305004495a9","hash":"0e559249e22aa2fd318cf98e8d620171ed00a823"}
,"/Users/yousifkashef/PyCharmMiscProject/news_analyzer3/frontend/src/types/index.ts": {"path":"/Users/yousifkashef/PyCharmMiscProject/news_analyzer3/frontend/src/types/index.ts","statementMap":{},"fnMap":{},"branchMap":{},"s":{},"f":{},"b":{}}
}
