TN:
SF:src/App.tsx
FN:26,(anonymous_0)
FN:37,(anonymous_1)
FN:67,(anonymous_2)
FNF:3
FNH:0
FNDA:0,(anonymous_0)
FNDA:0,(anonymous_1)
FNDA:0,(anonymous_2)
DA:16,0
DA:26,0
DA:27,0
DA:29,0
DA:30,0
DA:33,0
DA:37,0
DA:38,0
DA:40,0
DA:67,0
DA:68,0
LF:11
LH:0
BRDA:29,0,0,0
BRDA:29,0,1,0
BRDA:45,1,0,0
BRDA:45,1,1,0
BRF:4
BRH:0
end_of_record
TN:
SF:src/index.tsx
FNF:0
FNH:0
DA:6,0
DA:10,0
LF:2
LH:0
BRF:0
BRH:0
end_of_record
TN:
SF:src/components/Layout.tsx
FN:14,(anonymous_0)
FN:26,(anonymous_1)
FN:50,(anonymous_2)
FN:55,(anonymous_3)
FNF:4
FNH:2
FNDA:5,(anonymous_0)
FNDA:0,(anonymous_1)
FNDA:20,(anonymous_2)
FNDA:0,(anonymous_3)
DA:14,1
DA:15,5
DA:16,5
DA:17,5
DA:19,5
DA:26,5
DA:27,0
DA:28,0
DA:29,0
DA:31,0
DA:35,5
DA:51,20
DA:52,20
DA:55,0
LF:14
LH:9
BRDA:57,0,0,5
BRDA:57,0,1,15
BRDA:77,1,0,5
BRDA:77,1,1,0
BRF:4
BRH:3
end_of_record
TN:
SF:src/contexts/AuthContext.tsx
FN:16,(anonymous_0)
FN:28,(anonymous_1)
FN:34,(anonymous_2)
FN:35,(anonymous_3)
FN:56,(anonymous_4)
FN:73,(anonymous_5)
FNF:6
FNH:0
FNDA:0,(anonymous_0)
FNDA:0,(anonymous_1)
FNDA:0,(anonymous_2)
FNDA:0,(anonymous_3)
FNDA:0,(anonymous_4)
FNDA:0,(anonymous_5)
DA:14,0
DA:16,0
DA:17,0
DA:18,0
DA:19,0
DA:21,0
DA:28,0
DA:29,0
DA:30,0
DA:31,0
DA:32,0
DA:34,0
DA:35,0
DA:36,0
DA:38,0
DA:39,0
DA:40,0
DA:41,0
DA:42,0
DA:43,0
DA:45,0
DA:46,0
DA:50,0
DA:53,0
DA:56,0
DA:57,0
DA:58,0
DA:59,0
DA:61,0
DA:62,0
DA:64,0
DA:65,0
DA:66,0
DA:68,0
DA:69,0
DA:73,0
DA:74,0
DA:75,0
DA:77,0
DA:79,0
DA:80,0
DA:81,0
DA:82,0
DA:86,0
DA:95,0
LF:45
LH:0
BRDA:18,0,0,0
BRDA:18,0,1,0
BRDA:38,1,0,0
BRDA:38,1,1,0
BRF:4
BRH:0
end_of_record
TN:
SF:src/pages/Analysis.tsx
FN:20,(anonymous_0)
FN:42,(anonymous_1)
FN:54,(anonymous_2)
FN:65,(anonymous_3)
FN:71,(anonymous_4)
FN:78,(anonymous_5)
FN:79,(anonymous_6)
FN:81,(anonymous_7)
FN:86,(anonymous_8)
FN:88,(anonymous_9)
FN:92,(anonymous_10)
FN:96,(anonymous_11)
FN:108,(anonymous_12)
FN:117,(anonymous_13)
FN:118,(anonymous_14)
FN:131,(anonymous_15)
FN:169,(anonymous_16)
FN:172,(anonymous_17)
FN:192,(anonymous_18)
FN:226,(anonymous_19)
FN:229,(anonymous_20)
FN:256,(anonymous_21)
FN:280,(anonymous_22)
FN:378,(anonymous_23)
FN:419,(anonymous_24)
FN:426,(anonymous_25)
FN:439,(anonymous_26)
FNF:27
FNH:0
FNDA:0,(anonymous_0)
FNDA:0,(anonymous_1)
FNDA:0,(anonymous_2)
FNDA:0,(anonymous_3)
FNDA:0,(anonymous_4)
FNDA:0,(anonymous_5)
FNDA:0,(anonymous_6)
FNDA:0,(anonymous_7)
FNDA:0,(anonymous_8)
FNDA:0,(anonymous_9)
FNDA:0,(anonymous_10)
FNDA:0,(anonymous_11)
FNDA:0,(anonymous_12)
FNDA:0,(anonymous_13)
FNDA:0,(anonymous_14)
FNDA:0,(anonymous_15)
FNDA:0,(anonymous_16)
FNDA:0,(anonymous_17)
FNDA:0,(anonymous_18)
FNDA:0,(anonymous_19)
FNDA:0,(anonymous_20)
FNDA:0,(anonymous_21)
FNDA:0,(anonymous_22)
FNDA:0,(anonymous_23)
FNDA:0,(anonymous_24)
FNDA:0,(anonymous_25)
FNDA:0,(anonymous_26)
DA:20,0
DA:21,0
DA:22,0
DA:23,0
DA:24,0
DA:25,0
DA:28,0
DA:34,0
DA:40,0
DA:43,0
DA:44,0
DA:52,0
DA:54,0
DA:62,0
DA:66,0
DA:67,0
DA:69,0
DA:72,0
DA:73,0
DA:78,0
DA:79,0
DA:80,0
DA:81,0
DA:86,0
DA:87,0
DA:88,0
DA:92,0
DA:93,0
DA:96,0
DA:97,0
DA:98,0
DA:99,0
DA:102,0
DA:103,0
DA:104,0
DA:107,0
DA:108,0
DA:111,0
DA:112,0
DA:113,0
DA:116,0
DA:117,0
DA:118,0
DA:120,0
DA:121,0
DA:122,0
DA:127,0
DA:131,0
DA:132,0
DA:133,0
DA:135,0
DA:139,0
DA:140,0
DA:147,0
DA:170,0
DA:172,0
DA:192,0
DA:227,0
DA:229,0
DA:256,0
DA:280,0
DA:379,0
DA:419,0
DA:426,0
DA:439,0
LF:65
LH:0
BRDA:44,0,0,0
BRDA:44,0,1,0
BRDA:54,1,0,0
BRDA:54,1,1,0
BRDA:73,2,0,0
BRDA:73,2,1,0
BRDA:80,3,0,0
BRDA:80,3,1,0
BRDA:87,4,0,0
BRDA:87,4,1,0
BRDA:97,5,0,0
BRDA:97,5,1,0
BRDA:102,6,0,0
BRDA:102,6,1,0
BRDA:111,7,0,0
BRDA:111,7,1,0
BRDA:116,8,0,0
BRDA:116,8,1,0
BRDA:139,9,0,0
BRDA:139,9,1,0
BRDA:139,10,0,0
BRDA:139,10,1,0
BRDA:167,11,0,0
BRDA:167,11,1,0
BRDA:167,12,0,0
BRDA:167,12,1,0
BRDA:174,13,0,0
BRDA:174,13,1,0
BRDA:181,14,0,0
BRDA:181,14,1,0
BRDA:224,15,0,0
BRDA:224,15,1,0
BRDA:224,16,0,0
BRDA:224,16,1,0
BRDA:231,17,0,0
BRDA:231,17,1,0
BRDA:245,18,0,0
BRDA:245,18,1,0
BRDA:266,19,0,0
BRDA:266,19,1,0
BRDA:266,19,2,0
BRDA:279,20,0,0
BRDA:279,20,1,0
BRDA:310,21,0,0
BRDA:310,21,1,0
BRDA:374,22,0,0
BRDA:374,22,1,0
BRDA:374,22,2,0
BRDA:394,23,0,0
BRDA:394,23,1,0
BRDA:399,24,0,0
BRDA:399,24,1,0
BRDA:447,25,0,0
BRDA:447,25,1,0
BRDA:447,25,2,0
BRDA:450,26,0,0
BRDA:450,26,1,0
BRF:57
BRH:0
end_of_record
TN:
SF:src/pages/BusinessInterest.tsx
FN:8,(anonymous_0)
FN:15,(anonymous_1)
FN:19,(anonymous_2)
FN:26,(anonymous_3)
FN:60,(anonymous_4)
FN:74,(anonymous_5)
FNF:6
FNH:0
FNDA:0,(anonymous_0)
FNDA:0,(anonymous_1)
FNDA:0,(anonymous_2)
FNDA:0,(anonymous_3)
FNDA:0,(anonymous_4)
FNDA:0,(anonymous_5)
DA:8,0
DA:9,0
DA:10,0
DA:12,0
DA:16,0
DA:17,0
DA:20,0
DA:21,0
DA:26,0
DA:27,0
DA:28,0
DA:29,0
DA:30,0
DA:33,0
DA:36,0
DA:60,0
DA:74,0
LF:17
LH:0
BRDA:28,0,0,0
BRDA:28,0,1,0
BRDA:81,1,0,0
BRDA:81,1,1,0
BRDA:84,2,0,0
BRDA:84,2,1,0
BRF:6
BRH:0
end_of_record
TN:
SF:src/pages/Dashboard.tsx
FN:13,(anonymous_0)
FN:69,(anonymous_1)
FN:72,(anonymous_2)
FN:102,(anonymous_3)
FNF:4
FNH:2
FNDA:3,(anonymous_0)
FNDA:9,(anonymous_1)
FNDA:0,(anonymous_2)
FNDA:0,(anonymous_3)
DA:13,1
DA:14,3
DA:16,3
DA:21,3
DA:23,3
DA:47,3
DA:48,0
DA:55,3
DA:70,9
DA:72,0
DA:103,0
LF:11
LH:8
BRDA:47,0,0,0
BRDA:47,0,1,3
BRDA:100,1,0,0
BRDA:100,1,1,3
BRDA:100,2,0,3
BRDA:100,2,1,0
BRF:6
BRH:3
end_of_record
TN:
SF:src/pages/Login.tsx
FN:7,(anonymous_0)
FN:12,(anonymous_1)
FNF:2
FNH:1
FNDA:4,(anonymous_0)
FNDA:0,(anonymous_1)
DA:7,1
DA:8,4
DA:9,4
DA:10,4
DA:12,4
DA:13,0
DA:14,0
DA:15,0
DA:16,0
DA:17,0
DA:19,0
DA:20,0
DA:22,0
DA:26,4
LF:14
LH:6
BRDA:57,0,0,0
BRDA:57,0,1,4
BRF:2
BRH:1
end_of_record
TN:
SF:src/pages/Results.tsx
FN:18,(anonymous_0)
FN:25,(anonymous_1)
FN:32,(anonymous_2)
FN:42,(anonymous_3)
FN:66,(anonymous_4)
FN:87,(anonymous_5)
FN:188,(anonymous_6)
FN:246,(anonymous_7)
FN:253,(anonymous_8)
FNF:9
FNH:0
FNDA:0,(anonymous_0)
FNDA:0,(anonymous_1)
FNDA:0,(anonymous_2)
FNDA:0,(anonymous_3)
FNDA:0,(anonymous_4)
FNDA:0,(anonymous_5)
FNDA:0,(anonymous_6)
FNDA:0,(anonymous_7)
FNDA:0,(anonymous_8)
DA:18,0
DA:19,0
DA:20,0
DA:23,0
DA:25,0
DA:32,0
DA:33,0
DA:42,0
DA:43,0
DA:44,0
DA:45,0
DA:48,0
DA:49,0
DA:56,0
DA:57,0
DA:66,0
DA:77,0
DA:78,0
DA:87,0
DA:98,0
DA:189,0
DA:246,0
DA:253,0
LF:23
LH:0
BRDA:43,0,0,0
BRDA:43,0,1,0
BRDA:44,1,0,0
BRDA:44,1,1,0
BRDA:48,2,0,0
BRDA:48,2,1,0
BRDA:56,3,0,0
BRDA:56,3,1,0
BRDA:77,4,0,0
BRDA:77,4,1,0
BRDA:149,5,0,0
BRDA:149,5,1,0
BRDA:173,6,0,0
BRDA:173,6,1,0
BRDA:186,7,0,0
BRDA:186,7,1,0
BRDA:186,8,0,0
BRDA:186,8,1,0
BRDA:199,9,0,0
BRDA:199,9,1,0
BRDA:213,10,0,0
BRDA:213,10,1,0
BRF:22
BRH:0
end_of_record
TN:
SF:src/pages/Sources.tsx
FN:17,(anonymous_0)
FN:39,(anonymous_1)
FN:45,(anonymous_2)
FN:56,(anonymous_3)
FN:60,(anonymous_4)
FN:66,(anonymous_5)
FN:101,(anonymous_6)
FN:110,(anonymous_7)
FN:116,(anonymous_8)
FN:197,(anonymous_9)
FN:201,(anonymous_10)
FN:204,(anonymous_11)
FN:210,(anonymous_12)
FN:250,(anonymous_13)
FN:260,(anonymous_14)
FN:295,(anonymous_15)
FN:319,(anonymous_16)
FN:343,(anonymous_17)
FN:349,(anonymous_18)
FNF:19
FNH:1
FNDA:29,(anonymous_0)
FNDA:0,(anonymous_1)
FNDA:0,(anonymous_2)
FNDA:0,(anonymous_3)
FNDA:0,(anonymous_4)
FNDA:0,(anonymous_5)
FNDA:0,(anonymous_6)
FNDA:0,(anonymous_7)
FNDA:0,(anonymous_8)
FNDA:0,(anonymous_9)
FNDA:0,(anonymous_10)
FNDA:0,(anonymous_11)
FNDA:0,(anonymous_12)
FNDA:0,(anonymous_13)
FNDA:0,(anonymous_14)
FNDA:0,(anonymous_15)
FNDA:0,(anonymous_16)
FNDA:0,(anonymous_17)
FNDA:0,(anonymous_18)
DA:17,1
DA:18,29
DA:19,28
DA:20,28
DA:21,28
DA:24,0
DA:30,0
DA:36,0
DA:40,0
DA:41,0
DA:42,0
DA:43,0
DA:46,0
DA:47,0
DA:53,0
DA:57,0
DA:58,0
DA:61,0
DA:66,0
DA:67,0
DA:68,0
DA:69,0
DA:71,0
DA:72,0
DA:73,0
DA:77,0
DA:78,0
DA:79,0
DA:82,0
DA:83,0
DA:85,0
DA:86,0
DA:89,0
DA:90,0
DA:91,0
DA:92,0
DA:93,0
DA:95,0
DA:97,0
DA:101,0
DA:102,0
DA:103,0
DA:104,0
DA:106,0
DA:110,0
DA:111,0
DA:112,0
DA:116,0
DA:117,0
DA:118,0
DA:120,0
DA:124,0
DA:125,0
DA:132,0
DA:198,0
DA:202,0
DA:203,0
DA:204,0
DA:207,0
DA:210,0
DA:251,0
DA:252,0
DA:260,0
DA:296,0
DA:319,0
DA:343,0
DA:349,0
LF:67
LH:5
BRDA:47,0,0,0
BRDA:47,0,1,0
BRDA:71,1,0,0
BRDA:71,1,1,0
BRDA:78,2,0,0
BRDA:78,2,1,0
BRDA:78,3,0,0
BRDA:78,3,1,0
BRDA:111,4,0,0
BRDA:111,4,1,0
BRDA:124,5,0,0
BRDA:124,5,1,0
BRDA:124,6,0,0
BRDA:124,6,1,0
BRDA:146,7,0,0
BRDA:146,7,1,0
BRDA:184,8,0,0
BRDA:184,8,1,0
BRDA:193,9,0,0
BRDA:193,9,1,0
BRDA:210,10,0,0
BRDA:210,10,1,0
BRDA:211,11,0,0
BRDA:211,11,1,0
BRDA:213,12,0,0
BRDA:213,12,1,0
BRDA:222,13,0,0
BRDA:222,13,1,0
BRDA:261,14,0,0
BRDA:261,14,1,0
BRDA:264,15,0,0
BRDA:264,15,1,0
BRDA:288,16,0,0
BRDA:288,16,1,0
BRDA:293,17,0,0
BRDA:293,17,1,0
BRDA:293,18,0,0
BRDA:293,18,1,0
BRDA:350,19,0,0
BRDA:350,19,1,0
BRF:40
BRH:0
end_of_record
TN:
SF:src/services/api.ts
FN:26,(anonymous_0)
FN:36,(anonymous_1)
FN:37,(anonymous_2)
FN:48,(anonymous_3)
FN:53,(anonymous_4)
FN:58,(anonymous_5)
FN:66,(anonymous_6)
FN:71,(anonymous_7)
FN:76,(anonymous_8)
FN:81,(anonymous_9)
FN:89,(anonymous_10)
FN:94,(anonymous_11)
FN:102,(anonymous_12)
FN:107,(anonymous_13)
FN:115,(anonymous_14)
FN:120,(anonymous_15)
FN:125,(anonymous_16)
FN:130,(anonymous_17)
FN:138,(anonymous_18)
FN:143,(anonymous_19)
FNF:20
FNH:0
FNDA:0,(anonymous_0)
FNDA:0,(anonymous_1)
FNDA:0,(anonymous_2)
FNDA:0,(anonymous_3)
FNDA:0,(anonymous_4)
FNDA:0,(anonymous_5)
FNDA:0,(anonymous_6)
FNDA:0,(anonymous_7)
FNDA:0,(anonymous_8)
FNDA:0,(anonymous_9)
FNDA:0,(anonymous_10)
FNDA:0,(anonymous_11)
FNDA:0,(anonymous_12)
FNDA:0,(anonymous_13)
FNDA:0,(anonymous_14)
FNDA:0,(anonymous_15)
FNDA:0,(anonymous_16)
FNDA:0,(anonymous_17)
FNDA:0,(anonymous_18)
FNDA:0,(anonymous_19)
DA:18,3
DA:26,3
DA:27,0
DA:28,0
DA:29,0
DA:31,0
DA:35,3
DA:36,0
DA:38,0
DA:39,0
DA:40,0
DA:42,0
DA:47,3
DA:49,0
DA:50,0
DA:54,0
DA:55,0
DA:59,0
DA:60,0
DA:65,3
DA:67,0
DA:68,0
DA:72,0
DA:73,0
DA:77,0
DA:78,0
DA:82,0
DA:83,0
DA:88,3
DA:90,0
DA:91,0
DA:95,0
DA:96,0
DA:97,0
DA:98,0
DA:99,0
DA:103,0
DA:104,0
DA:108,0
DA:109,0
DA:114,3
DA:116,0
DA:117,0
DA:121,0
DA:122,0
DA:126,0
DA:127,0
DA:131,0
DA:132,0
DA:137,3
DA:139,0
DA:140,0
DA:144,0
DA:145,0
LF:54
LH:8
BRDA:28,0,0,0
BRDA:28,0,1,0
BRDA:38,1,0,0
BRDA:38,1,1,0
BRF:4
BRH:0
end_of_record
TN:
SF:src/types/index.ts
FNF:0
FNH:0
LF:0
LH:0
BRF:0
BRH:0
end_of_record
